<?xml version="1.0" encoding="UTF-8"?>
<!-- Generated by org.testng.reporters.JUnitReportReporter -->
<testsuite hostname="DESKTOP-S1NU391" failures="0" tests="1" name="com.testScript.HyperLink" time="65.304" errors="0" timestamp="2022-06-21T21:20:50 IST" skipped="0">
  <testcase classname="com.testScript.HyperLink" name="hyperlink" time="65.304"/>
  <system-out/>
</testsuite> <!-- com.testScript.HyperLink -->
