<?xml version="1.0" encoding="UTF-8"?>
<!-- Generated by org.testng.reporters.JUnitReportReporter -->
<testsuite hostname="DESKTOP-S1NU391" failures="0" tests="1" name="com.testScript.UserLogin" time="15.644" errors="0" timestamp="2022-06-21T20:49:16 IST" skipped="0">
  <testcase classname="com.testScript.UserLogin" name="Login" time="15.644"/>
  <system-out/>
</testsuite> <!-- com.testScript.UserLogin -->
